Call-Interface/DialerApp/app/build/intermediates/manifest_merge_blame_file/prepaidDebug/manifest-merger-blame-prepaid-debug-report.txt
1<?xml version="1.0" encoding="utf-8"?>
2<manifest xmlns:android="http://schemas.android.com/apk/res/android"
3    package="com.simplemobiletools.dialer.debug"
4    android:installLocation="auto"
5    android:versionCode="57"
6    android:versionName="5.18.1" >
7
8    <uses-sdk
9        android:minSdkVersion="23"
10        android:targetSdkVersion="34" />
11
12    <uses-permission android:name="android.permission.READ_CONTACTS" />
12-->src/main/AndroidManifest.xml:6:5-72
12-->src/main/AndroidManifest.xml:6:22-69
13    <uses-permission android:name="android.permission.WRITE_CONTACTS" />
13-->src/main/AndroidManifest.xml:7:5-73
13-->src/main/AndroidManifest.xml:7:22-70
14    <uses-permission android:name="android.permission.READ_PHONE_STATE" />
14-->src/main/AndroidManifest.xml:8:5-75
14-->src/main/AndroidManifest.xml:8:22-72
15    <uses-permission android:name="android.permission.CALL_PHONE" />
15-->src/main/AndroidManifest.xml:9:5-69
15-->src/main/AndroidManifest.xml:9:22-66
16    <uses-permission android:name="android.permission.CALL_PRIVILEGED" />
16-->src/main/AndroidManifest.xml:10:5-74
16-->src/main/AndroidManifest.xml:10:22-71
17    <uses-permission android:name="android.permission.READ_CALL_LOG" />
17-->src/main/AndroidManifest.xml:11:5-72
17-->src/main/AndroidManifest.xml:11:22-69
18    <uses-permission android:name="android.permission.WRITE_CALL_LOG" />
18-->src/main/AndroidManifest.xml:12:5-73
18-->src/main/AndroidManifest.xml:12:22-70
19    <uses-permission android:name="android.permission.WAKE_LOCK" />
19-->src/main/AndroidManifest.xml:13:5-68
19-->src/main/AndroidManifest.xml:13:22-65
20    <uses-permission android:name="android.permission.ANSWER_PHONE_CALLS" />
20-->src/main/AndroidManifest.xml:14:5-77
20-->src/main/AndroidManifest.xml:14:22-74
21    <uses-permission android:name="android.permission.FOREGROUND_SERVICE" />
21-->src/main/AndroidManifest.xml:15:5-77
21-->src/main/AndroidManifest.xml:15:22-74
22    <uses-permission android:name="android.permission.MANAGE_OWN_CALLS" />
22-->src/main/AndroidManifest.xml:16:5-75
22-->src/main/AndroidManifest.xml:16:22-72
23    <uses-permission android:name="android.permission.MODIFY_AUDIO_SETTINGS" />
23-->src/main/AndroidManifest.xml:17:5-80
23-->src/main/AndroidManifest.xml:17:22-77
24    <uses-permission android:name="android.permission.RECORD_AUDIO" />
24-->src/main/AndroidManifest.xml:18:5-71
24-->src/main/AndroidManifest.xml:18:22-68
25    <uses-permission android:name="android.permission.SYSTEM_ALERT_WINDOW" />
25-->src/main/AndroidManifest.xml:19:5-78
25-->src/main/AndroidManifest.xml:19:22-75
26    <uses-permission android:name="android.telecom.action.CONFIGURE_PHONE_ACCOUNT" />
26-->src/main/AndroidManifest.xml:20:5-86
26-->src/main/AndroidManifest.xml:20:22-83
27    <uses-permission android:name="android.permission.VIBRATE" />
27-->src/main/AndroidManifest.xml:21:5-66
27-->src/main/AndroidManifest.xml:21:22-63
28    <uses-permission android:name="android.permission.POST_NOTIFICATIONS" />
28-->src/main/AndroidManifest.xml:22:5-77
28-->src/main/AndroidManifest.xml:22:22-74
29    <uses-permission android:name="android.permission.READ_SYNC_SETTINGS" />
29-->src/main/AndroidManifest.xml:23:5-77
29-->src/main/AndroidManifest.xml:23:22-74
30    <uses-permission
30-->src/main/AndroidManifest.xml:25:5-27:38
31        android:name="android.permission.WRITE_EXTERNAL_STORAGE"
31-->src/main/AndroidManifest.xml:26:9-65
32        android:maxSdkVersion="28" />
32-->src/main/AndroidManifest.xml:27:9-35
33
34    <queries>
34-->src/main/AndroidManifest.xml:33:5-36:15
35        <package android:name="com.simplemobiletools.contacts.pro.debug" />
35-->src/main/AndroidManifest.xml:34:9-76
35-->src/main/AndroidManifest.xml:34:18-73
36        <package android:name="com.simplemobiletools.contacts.pro" />
36-->src/main/AndroidManifest.xml:35:9-70
36-->src/main/AndroidManifest.xml:35:18-67
37        <package android:name="com.simplemobiletools.thankyou.debug" />
37-->[com.github.SimpleMobileTools:Simple-Commons:eceb48949e] AndroidManifest.xml:9:9-72
37-->[com.github.SimpleMobileTools:Simple-Commons:eceb48949e] AndroidManifest.xml:9:18-69
38        <package android:name="com.simplemobiletools.thankyou" />
38-->[com.github.SimpleMobileTools:Simple-Commons:eceb48949e] AndroidManifest.xml:10:9-66
38-->[com.github.SimpleMobileTools:Simple-Commons:eceb48949e] AndroidManifest.xml:10:18-63
39    </queries>
40
41    <uses-feature
41-->[com.github.SimpleMobileTools:Simple-Commons:eceb48949e] AndroidManifest.xml:13:5-15:36
42        android:name="android.hardware.faketouch"
42-->[com.github.SimpleMobileTools:Simple-Commons:eceb48949e] AndroidManifest.xml:14:9-50
43        android:required="false" />
43-->[com.github.SimpleMobileTools:Simple-Commons:eceb48949e] AndroidManifest.xml:15:9-33
44    <uses-feature
44-->[com.github.SimpleMobileTools:Simple-Commons:eceb48949e] AndroidManifest.xml:16:5-18:36
45        android:name="android.hardware.screen.portrait"
45-->[com.github.SimpleMobileTools:Simple-Commons:eceb48949e] AndroidManifest.xml:17:9-56
46        android:required="false" />
46-->[com.github.SimpleMobileTools:Simple-Commons:eceb48949e] AndroidManifest.xml:18:9-33
47
48    <permission
48-->[androidx.core:core:1.12.0] AndroidManifest.xml:22:5-24:47
49        android:name="com.simplemobiletools.dialer.debug.DYNAMIC_RECEIVER_NOT_EXPORTED_PERMISSION"
49-->[androidx.core:core:1.12.0] AndroidManifest.xml:23:9-81
50        android:protectionLevel="signature" />
50-->[androidx.core:core:1.12.0] AndroidManifest.xml:24:9-44
51
52    <application
52-->src/main/AndroidManifest.xml:38:5-467:19
53        android:name="com.simplemobiletools.dialer.App"
53-->src/main/AndroidManifest.xml:39:9-28
54        android:allowBackup="true"
54-->src/main/AndroidManifest.xml:40:9-35
55        android:appCategory="productivity"
55-->src/main/AndroidManifest.xml:41:9-43
56        android:appComponentFactory="androidx.core.app.CoreComponentFactory"
56-->[androidx.core:core:1.12.0] AndroidManifest.xml:28:18-86
57        android:debuggable="true"
58        android:extractNativeLibs="false"
59        android:icon="@mipmap/ic_launcher"
59-->src/main/AndroidManifest.xml:42:9-43
60        android:label="@string/app_launcher_name"
60-->src/main/AndroidManifest.xml:43:9-50
61        android:localeConfig="@xml/locale_config"
61-->src/main/AndroidManifest.xml:44:9-50
62        android:roundIcon="@mipmap/ic_launcher"
62-->src/main/AndroidManifest.xml:45:9-48
63        android:supportsRtl="true"
63-->[com.github.SimpleMobileTools:Simple-Commons:eceb48949e] AndroidManifest.xml:32:18-44
64        android:theme="@style/AppTheme" >
64-->src/main/AndroidManifest.xml:46:9-40
65        <activity
65-->src/main/AndroidManifest.xml:48:9-51:50
66            android:name="com.simplemobiletools.dialer.activities.SplashActivity"
66-->src/main/AndroidManifest.xml:49:13-54
67            android:exported="false"
67-->src/main/AndroidManifest.xml:50:13-37
68            android:theme="@style/SplashTheme" />
68-->src/main/AndroidManifest.xml:51:13-47
69
70        <activity-alias
70-->src/main/AndroidManifest.xml:454:9-466:26
71            android:name="com.simplemobiletools.dialer.activities.SplashActivity.Grey_black"
71-->src/main/AndroidManifest.xml:455:13-65
72            android:enabled="false"
72-->src/main/AndroidManifest.xml:456:13-36
73            android:exported="true"
73-->src/main/AndroidManifest.xml:457:13-36
74            android:icon="@mipmap/ic_launcher_grey_black"
74-->src/main/AndroidManifest.xml:458:13-58
75            android:roundIcon="@mipmap/ic_launcher_grey_black"
75-->src/main/AndroidManifest.xml:459:13-63
76            android:targetActivity="com.simplemobiletools.dialer.activities.SplashActivity" >
76-->src/main/AndroidManifest.xml:460:13-64
77            <intent-filter>
77-->src/main/AndroidManifest.xml:211:13-214:29
78                <action android:name="android.intent.action.MAIN" />
78-->src/main/AndroidManifest.xml:212:17-69
78-->src/main/AndroidManifest.xml:212:25-66
79
80                <category android:name="android.intent.category.LAUNCHER" />
80-->src/main/AndroidManifest.xml:213:17-77
80-->src/main/AndroidManifest.xml:213:27-74
81            </intent-filter>
82        </activity-alias>
83        <activity-alias
83-->src/main/AndroidManifest.xml:440:9-452:26
84            android:name="com.simplemobiletools.dialer.activities.SplashActivity.Blue_grey"
84-->src/main/AndroidManifest.xml:441:13-64
85            android:enabled="false"
85-->src/main/AndroidManifest.xml:442:13-36
86            android:exported="true"
86-->src/main/AndroidManifest.xml:443:13-36
87            android:icon="@mipmap/ic_launcher_blue_grey"
87-->src/main/AndroidManifest.xml:444:13-57
88            android:roundIcon="@mipmap/ic_launcher_blue_grey"
88-->src/main/AndroidManifest.xml:445:13-62
89            android:targetActivity="com.simplemobiletools.dialer.activities.SplashActivity" >
89-->src/main/AndroidManifest.xml:446:13-64
90            <intent-filter>
90-->src/main/AndroidManifest.xml:211:13-214:29
91                <action android:name="android.intent.action.MAIN" />
91-->src/main/AndroidManifest.xml:212:17-69
91-->src/main/AndroidManifest.xml:212:25-66
92
93                <category android:name="android.intent.category.LAUNCHER" />
93-->src/main/AndroidManifest.xml:213:17-77
93-->src/main/AndroidManifest.xml:213:27-74
94            </intent-filter>
95        </activity-alias>
96        <activity-alias
96-->src/main/AndroidManifest.xml:426:9-438:26
97            android:name="com.simplemobiletools.dialer.activities.SplashActivity.Brown"
97-->src/main/AndroidManifest.xml:427:13-60
98            android:enabled="false"
98-->src/main/AndroidManifest.xml:428:13-36
99            android:exported="true"
99-->src/main/AndroidManifest.xml:429:13-36
100            android:icon="@mipmap/ic_launcher_brown"
100-->src/main/AndroidManifest.xml:430:13-53
101            android:roundIcon="@mipmap/ic_launcher_brown"
101-->src/main/AndroidManifest.xml:431:13-58
102            android:targetActivity="com.simplemobiletools.dialer.activities.SplashActivity" >
102-->src/main/AndroidManifest.xml:432:13-64
103            <intent-filter>
103-->src/main/AndroidManifest.xml:211:13-214:29
104                <action android:name="android.intent.action.MAIN" />
104-->src/main/AndroidManifest.xml:212:17-69
104-->src/main/AndroidManifest.xml:212:25-66
105
106                <category android:name="android.intent.category.LAUNCHER" />
106-->src/main/AndroidManifest.xml:213:17-77
106-->src/main/AndroidManifest.xml:213:27-74
107            </intent-filter>
108        </activity-alias>
109        <activity-alias
109-->src/main/AndroidManifest.xml:412:9-424:26
110            android:name="com.simplemobiletools.dialer.activities.SplashActivity.Deep_orange"
110-->src/main/AndroidManifest.xml:413:13-66
111            android:enabled="false"
111-->src/main/AndroidManifest.xml:414:13-36
112            android:exported="true"
112-->src/main/AndroidManifest.xml:415:13-36
113            android:icon="@mipmap/ic_launcher_deep_orange"
113-->src/main/AndroidManifest.xml:416:13-59
114            android:roundIcon="@mipmap/ic_launcher_deep_orange"
114-->src/main/AndroidManifest.xml:417:13-64
115            android:targetActivity="com.simplemobiletools.dialer.activities.SplashActivity" >
115-->src/main/AndroidManifest.xml:418:13-64
116            <intent-filter>
116-->src/main/AndroidManifest.xml:211:13-214:29
117                <action android:name="android.intent.action.MAIN" />
117-->src/main/AndroidManifest.xml:212:17-69
117-->src/main/AndroidManifest.xml:212:25-66
118
119                <category android:name="android.intent.category.LAUNCHER" />
119-->src/main/AndroidManifest.xml:213:17-77
119-->src/main/AndroidManifest.xml:213:27-74
120            </intent-filter>
121        </activity-alias>
122        <activity-alias
122-->src/main/AndroidManifest.xml:399:9-410:26
123            android:name="com.simplemobiletools.dialer.activities.SplashActivity.Orange"
123-->src/main/AndroidManifest.xml:400:13-61
124            android:enabled="true"
124-->src/main/AndroidManifest.xml:401:13-35
125            android:exported="true"
125-->src/main/AndroidManifest.xml:402:13-36
126            android:icon="@mipmap/ic_launcher"
126-->src/main/AndroidManifest.xml:403:13-47
127            android:roundIcon="@mipmap/ic_launcher"
127-->src/main/AndroidManifest.xml:404:13-52
128            android:targetActivity="com.simplemobiletools.dialer.activities.SplashActivity" >
128-->src/main/AndroidManifest.xml:405:13-64
129            <intent-filter>
129-->src/main/AndroidManifest.xml:211:13-214:29
130                <action android:name="android.intent.action.MAIN" />
130-->src/main/AndroidManifest.xml:212:17-69
130-->src/main/AndroidManifest.xml:212:25-66
131
132                <category android:name="android.intent.category.LAUNCHER" />
132-->src/main/AndroidManifest.xml:213:17-77
132-->src/main/AndroidManifest.xml:213:27-74
133            </intent-filter>
134        </activity-alias>
135        <activity-alias
135-->src/main/AndroidManifest.xml:385:9-397:26
136            android:name="com.simplemobiletools.dialer.activities.SplashActivity.Amber"
136-->src/main/AndroidManifest.xml:386:13-60
137            android:enabled="false"
137-->src/main/AndroidManifest.xml:387:13-36
138            android:exported="true"
138-->src/main/AndroidManifest.xml:388:13-36
139            android:icon="@mipmap/ic_launcher_amber"
139-->src/main/AndroidManifest.xml:389:13-53
140            android:roundIcon="@mipmap/ic_launcher_amber"
140-->src/main/AndroidManifest.xml:390:13-58
141            android:targetActivity="com.simplemobiletools.dialer.activities.SplashActivity" >
141-->src/main/AndroidManifest.xml:391:13-64
142            <intent-filter>
142-->src/main/AndroidManifest.xml:211:13-214:29
143                <action android:name="android.intent.action.MAIN" />
143-->src/main/AndroidManifest.xml:212:17-69
143-->src/main/AndroidManifest.xml:212:25-66
144
145                <category android:name="android.intent.category.LAUNCHER" />
145-->src/main/AndroidManifest.xml:213:17-77
145-->src/main/AndroidManifest.xml:213:27-74
146            </intent-filter>
147        </activity-alias>
148        <activity-alias
148-->src/main/AndroidManifest.xml:371:9-383:26
149            android:name="com.simplemobiletools.dialer.activities.SplashActivity.Yellow"
149-->src/main/AndroidManifest.xml:372:13-61
150            android:enabled="false"
150-->src/main/AndroidManifest.xml:373:13-36
151            android:exported="true"
151-->src/main/AndroidManifest.xml:374:13-36
152            android:icon="@mipmap/ic_launcher_yellow"
152-->src/main/AndroidManifest.xml:375:13-54
153            android:roundIcon="@mipmap/ic_launcher_yellow"
153-->src/main/AndroidManifest.xml:376:13-59
154            android:targetActivity="com.simplemobiletools.dialer.activities.SplashActivity" >
154-->src/main/AndroidManifest.xml:377:13-64
155            <intent-filter>
155-->src/main/AndroidManifest.xml:211:13-214:29
156                <action android:name="android.intent.action.MAIN" />
156-->src/main/AndroidManifest.xml:212:17-69
156-->src/main/AndroidManifest.xml:212:25-66
157
158                <category android:name="android.intent.category.LAUNCHER" />
158-->src/main/AndroidManifest.xml:213:17-77
158-->src/main/AndroidManifest.xml:213:27-74
159            </intent-filter>
160        </activity-alias>
161        <activity-alias
161-->src/main/AndroidManifest.xml:357:9-369:26
162            android:name="com.simplemobiletools.dialer.activities.SplashActivity.Lime"
162-->src/main/AndroidManifest.xml:358:13-59
163            android:enabled="false"
163-->src/main/AndroidManifest.xml:359:13-36
164            android:exported="true"
164-->src/main/AndroidManifest.xml:360:13-36
165            android:icon="@mipmap/ic_launcher_lime"
165-->src/main/AndroidManifest.xml:361:13-52
166            android:roundIcon="@mipmap/ic_launcher_lime"
166-->src/main/AndroidManifest.xml:362:13-57
167            android:targetActivity="com.simplemobiletools.dialer.activities.SplashActivity" >
167-->src/main/AndroidManifest.xml:363:13-64
168            <intent-filter>
168-->src/main/AndroidManifest.xml:211:13-214:29
169                <action android:name="android.intent.action.MAIN" />
169-->src/main/AndroidManifest.xml:212:17-69
169-->src/main/AndroidManifest.xml:212:25-66
170
171                <category android:name="android.intent.category.LAUNCHER" />
171-->src/main/AndroidManifest.xml:213:17-77
171-->src/main/AndroidManifest.xml:213:27-74
172            </intent-filter>
173        </activity-alias>
174        <activity-alias
174-->src/main/AndroidManifest.xml:343:9-355:26
175            android:name="com.simplemobiletools.dialer.activities.SplashActivity.Light_green"
175-->src/main/AndroidManifest.xml:344:13-66
176            android:enabled="false"
176-->src/main/AndroidManifest.xml:345:13-36
177            android:exported="true"
177-->src/main/AndroidManifest.xml:346:13-36
178            android:icon="@mipmap/ic_launcher_light_green"
178-->src/main/AndroidManifest.xml:347:13-59
179            android:roundIcon="@mipmap/ic_launcher_light_green"
179-->src/main/AndroidManifest.xml:348:13-64
180            android:targetActivity="com.simplemobiletools.dialer.activities.SplashActivity" >
180-->src/main/AndroidManifest.xml:349:13-64
181            <intent-filter>
181-->src/main/AndroidManifest.xml:211:13-214:29
182                <action android:name="android.intent.action.MAIN" />
182-->src/main/AndroidManifest.xml:212:17-69
182-->src/main/AndroidManifest.xml:212:25-66
183
184                <category android:name="android.intent.category.LAUNCHER" />
184-->src/main/AndroidManifest.xml:213:17-77
184-->src/main/AndroidManifest.xml:213:27-74
185            </intent-filter>
186        </activity-alias>
187        <activity-alias
187-->src/main/AndroidManifest.xml:329:9-341:26
188            android:name="com.simplemobiletools.dialer.activities.SplashActivity.Green"
188-->src/main/AndroidManifest.xml:330:13-60
189            android:enabled="false"
189-->src/main/AndroidManifest.xml:331:13-36
190            android:exported="true"
190-->src/main/AndroidManifest.xml:332:13-36
191            android:icon="@mipmap/ic_launcher_green"
191-->src/main/AndroidManifest.xml:333:13-53
192            android:roundIcon="@mipmap/ic_launcher_green"
192-->src/main/AndroidManifest.xml:334:13-58
193            android:targetActivity="com.simplemobiletools.dialer.activities.SplashActivity" >
193-->src/main/AndroidManifest.xml:335:13-64
194            <intent-filter>
194-->src/main/AndroidManifest.xml:211:13-214:29
195                <action android:name="android.intent.action.MAIN" />
195-->src/main/AndroidManifest.xml:212:17-69
195-->src/main/AndroidManifest.xml:212:25-66
196
197                <category android:name="android.intent.category.LAUNCHER" />
197-->src/main/AndroidManifest.xml:213:17-77
197-->src/main/AndroidManifest.xml:213:27-74
198            </intent-filter>
199        </activity-alias>
200        <activity-alias
200-->src/main/AndroidManifest.xml:315:9-327:26
201            android:name="com.simplemobiletools.dialer.activities.SplashActivity.Teal"
201-->src/main/AndroidManifest.xml:316:13-59
202            android:enabled="false"
202-->src/main/AndroidManifest.xml:317:13-36
203            android:exported="true"
203-->src/main/AndroidManifest.xml:318:13-36
204            android:icon="@mipmap/ic_launcher_teal"
204-->src/main/AndroidManifest.xml:319:13-52
205            android:roundIcon="@mipmap/ic_launcher_teal"
205-->src/main/AndroidManifest.xml:320:13-57
206            android:targetActivity="com.simplemobiletools.dialer.activities.SplashActivity" >
206-->src/main/AndroidManifest.xml:321:13-64
207            <intent-filter>
207-->src/main/AndroidManifest.xml:211:13-214:29
208                <action android:name="android.intent.action.MAIN" />
208-->src/main/AndroidManifest.xml:212:17-69
208-->src/main/AndroidManifest.xml:212:25-66
209
210                <category android:name="android.intent.category.LAUNCHER" />
210-->src/main/AndroidManifest.xml:213:17-77
210-->src/main/AndroidManifest.xml:213:27-74
211            </intent-filter>
212        </activity-alias>
213        <activity-alias
213-->src/main/AndroidManifest.xml:301:9-313:26
214            android:name="com.simplemobiletools.dialer.activities.SplashActivity.Cyan"
214-->src/main/AndroidManifest.xml:302:13-59
215            android:enabled="false"
215-->src/main/AndroidManifest.xml:303:13-36
216            android:exported="true"
216-->src/main/AndroidManifest.xml:304:13-36
217            android:icon="@mipmap/ic_launcher_cyan"
217-->src/main/AndroidManifest.xml:305:13-52
218            android:roundIcon="@mipmap/ic_launcher_cyan"
218-->src/main/AndroidManifest.xml:306:13-57
219            android:targetActivity="com.simplemobiletools.dialer.activities.SplashActivity" >
219-->src/main/AndroidManifest.xml:307:13-64
220            <intent-filter>
220-->src/main/AndroidManifest.xml:211:13-214:29
221                <action android:name="android.intent.action.MAIN" />
221-->src/main/AndroidManifest.xml:212:17-69
221-->src/main/AndroidManifest.xml:212:25-66
222
223                <category android:name="android.intent.category.LAUNCHER" />
223-->src/main/AndroidManifest.xml:213:17-77
223-->src/main/AndroidManifest.xml:213:27-74
224            </intent-filter>
225        </activity-alias>
226        <activity-alias
226-->src/main/AndroidManifest.xml:287:9-299:26
227            android:name="com.simplemobiletools.dialer.activities.SplashActivity.Light_blue"
227-->src/main/AndroidManifest.xml:288:13-65
228            android:enabled="false"
228-->src/main/AndroidManifest.xml:289:13-36
229            android:exported="true"
229-->src/main/AndroidManifest.xml:290:13-36
230            android:icon="@mipmap/ic_launcher_light_blue"
230-->src/main/AndroidManifest.xml:291:13-58
231            android:roundIcon="@mipmap/ic_launcher_light_blue"
231-->src/main/AndroidManifest.xml:292:13-63
232            android:targetActivity="com.simplemobiletools.dialer.activities.SplashActivity" >
232-->src/main/AndroidManifest.xml:293:13-64
233            <intent-filter>
233-->src/main/AndroidManifest.xml:211:13-214:29
234                <action android:name="android.intent.action.MAIN" />
234-->src/main/AndroidManifest.xml:212:17-69
234-->src/main/AndroidManifest.xml:212:25-66
235
236                <category android:name="android.intent.category.LAUNCHER" />
236-->src/main/AndroidManifest.xml:213:17-77
236-->src/main/AndroidManifest.xml:213:27-74
237            </intent-filter>
238        </activity-alias>
239        <activity-alias
239-->src/main/AndroidManifest.xml:273:9-285:26
240            android:name="com.simplemobiletools.dialer.activities.SplashActivity.Blue"
240-->src/main/AndroidManifest.xml:274:13-59
241            android:enabled="false"
241-->src/main/AndroidManifest.xml:275:13-36
242            android:exported="true"
242-->src/main/AndroidManifest.xml:276:13-36
243            android:icon="@mipmap/ic_launcher_blue"
243-->src/main/AndroidManifest.xml:277:13-52
244            android:roundIcon="@mipmap/ic_launcher_blue"
244-->src/main/AndroidManifest.xml:278:13-57
245            android:targetActivity="com.simplemobiletools.dialer.activities.SplashActivity" >
245-->src/main/AndroidManifest.xml:279:13-64
246            <intent-filter>
246-->src/main/AndroidManifest.xml:211:13-214:29
247                <action android:name="android.intent.action.MAIN" />
247-->src/main/AndroidManifest.xml:212:17-69
247-->src/main/AndroidManifest.xml:212:25-66
248
249                <category android:name="android.intent.category.LAUNCHER" />
249-->src/main/AndroidManifest.xml:213:17-77
249-->src/main/AndroidManifest.xml:213:27-74
250            </intent-filter>
251        </activity-alias>
252        <activity-alias
252-->src/main/AndroidManifest.xml:259:9-271:26
253            android:name="com.simplemobiletools.dialer.activities.SplashActivity.Indigo"
253-->src/main/AndroidManifest.xml:260:13-61
254            android:enabled="false"
254-->src/main/AndroidManifest.xml:261:13-36
255            android:exported="true"
255-->src/main/AndroidManifest.xml:262:13-36
256            android:icon="@mipmap/ic_launcher_indigo"
256-->src/main/AndroidManifest.xml:263:13-54
257            android:roundIcon="@mipmap/ic_launcher_indigo"
257-->src/main/AndroidManifest.xml:264:13-59
258            android:targetActivity="com.simplemobiletools.dialer.activities.SplashActivity" >
258-->src/main/AndroidManifest.xml:265:13-64
259            <intent-filter>
259-->src/main/AndroidManifest.xml:211:13-214:29
260                <action android:name="android.intent.action.MAIN" />
260-->src/main/AndroidManifest.xml:212:17-69
260-->src/main/AndroidManifest.xml:212:25-66
261
262                <category android:name="android.intent.category.LAUNCHER" />
262-->src/main/AndroidManifest.xml:213:17-77
262-->src/main/AndroidManifest.xml:213:27-74
263            </intent-filter>
264        </activity-alias>
265        <activity-alias
265-->src/main/AndroidManifest.xml:245:9-257:26
266            android:name="com.simplemobiletools.dialer.activities.SplashActivity.Deep_purple"
266-->src/main/AndroidManifest.xml:246:13-66
267            android:enabled="false"
267-->src/main/AndroidManifest.xml:247:13-36
268            android:exported="true"
268-->src/main/AndroidManifest.xml:248:13-36
269            android:icon="@mipmap/ic_launcher_deep_purple"
269-->src/main/AndroidManifest.xml:249:13-59
270            android:roundIcon="@mipmap/ic_launcher_deep_purple"
270-->src/main/AndroidManifest.xml:250:13-64
271            android:targetActivity="com.simplemobiletools.dialer.activities.SplashActivity" >
271-->src/main/AndroidManifest.xml:251:13-64
272            <intent-filter>
272-->src/main/AndroidManifest.xml:211:13-214:29
273                <action android:name="android.intent.action.MAIN" />
273-->src/main/AndroidManifest.xml:212:17-69
273-->src/main/AndroidManifest.xml:212:25-66
274
275                <category android:name="android.intent.category.LAUNCHER" />
275-->src/main/AndroidManifest.xml:213:17-77
275-->src/main/AndroidManifest.xml:213:27-74
276            </intent-filter>
277        </activity-alias>
278        <activity-alias
278-->src/main/AndroidManifest.xml:231:9-243:26
279            android:name="com.simplemobiletools.dialer.activities.SplashActivity.Purple"
279-->src/main/AndroidManifest.xml:232:13-61
280            android:enabled="false"
280-->src/main/AndroidManifest.xml:233:13-36
281            android:exported="true"
281-->src/main/AndroidManifest.xml:234:13-36
282            android:icon="@mipmap/ic_launcher_purple"
282-->src/main/AndroidManifest.xml:235:13-54
283            android:roundIcon="@mipmap/ic_launcher_purple"
283-->src/main/AndroidManifest.xml:236:13-59
284            android:targetActivity="com.simplemobiletools.dialer.activities.SplashActivity" >
284-->src/main/AndroidManifest.xml:237:13-64
285            <intent-filter>
285-->src/main/AndroidManifest.xml:211:13-214:29
286                <action android:name="android.intent.action.MAIN" />
286-->src/main/AndroidManifest.xml:212:17-69
286-->src/main/AndroidManifest.xml:212:25-66
287
288                <category android:name="android.intent.category.LAUNCHER" />
288-->src/main/AndroidManifest.xml:213:17-77
288-->src/main/AndroidManifest.xml:213:27-74
289            </intent-filter>
290        </activity-alias>
291        <activity-alias
291-->src/main/AndroidManifest.xml:217:9-229:26
292            android:name="com.simplemobiletools.dialer.activities.SplashActivity.Pink"
292-->src/main/AndroidManifest.xml:218:13-59
293            android:enabled="false"
293-->src/main/AndroidManifest.xml:219:13-36
294            android:exported="true"
294-->src/main/AndroidManifest.xml:220:13-36
295            android:icon="@mipmap/ic_launcher_pink"
295-->src/main/AndroidManifest.xml:221:13-52
296            android:roundIcon="@mipmap/ic_launcher_pink"
296-->src/main/AndroidManifest.xml:222:13-57
297            android:targetActivity="com.simplemobiletools.dialer.activities.SplashActivity" >
297-->src/main/AndroidManifest.xml:223:13-64
298            <intent-filter>
298-->src/main/AndroidManifest.xml:211:13-214:29
299                <action android:name="android.intent.action.MAIN" />
299-->src/main/AndroidManifest.xml:212:17-69
299-->src/main/AndroidManifest.xml:212:25-66
300
301                <category android:name="android.intent.category.LAUNCHER" />
301-->src/main/AndroidManifest.xml:213:17-77
301-->src/main/AndroidManifest.xml:213:27-74
302            </intent-filter>
303        </activity-alias>
304        <activity-alias
304-->src/main/AndroidManifest.xml:203:9-215:26
305            android:name="com.simplemobiletools.dialer.activities.SplashActivity.Red"
305-->src/main/AndroidManifest.xml:204:13-58
306            android:enabled="false"
306-->src/main/AndroidManifest.xml:205:13-36
307            android:exported="true"
307-->src/main/AndroidManifest.xml:206:13-36
308            android:icon="@mipmap/ic_launcher_red"
308-->src/main/AndroidManifest.xml:207:13-51
309            android:roundIcon="@mipmap/ic_launcher_red"
309-->src/main/AndroidManifest.xml:208:13-56
310            android:targetActivity="com.simplemobiletools.dialer.activities.SplashActivity" >
310-->src/main/AndroidManifest.xml:209:13-64
311            <intent-filter>
311-->src/main/AndroidManifest.xml:211:13-214:29
312                <action android:name="android.intent.action.MAIN" />
312-->src/main/AndroidManifest.xml:212:17-69
312-->src/main/AndroidManifest.xml:212:25-66
313
314                <category android:name="android.intent.category.LAUNCHER" />
314-->src/main/AndroidManifest.xml:213:17-77
314-->src/main/AndroidManifest.xml:213:27-74
315            </intent-filter>
316        </activity-alias>
317
318        <activity